<?xml version="1.0" encoding="UTF-8" ?>
<testsuite tests="1" skipped="0" errors="0" name="com.test.AppTest" failures="0" time="0.012">
  <properties>
    <property value="Java(TM) SE Runtime Environment" name="java.runtime.name"/>
    <property value="/tmp" name="java.io.tmpdir"/>
    <property value="/usr/lib/jvm/java-8-oracle/jre" name="java.home"/>
    <property value="matt" name="user.name"/>
    <property value="/home/matt/workspace/tests/test-core" name="user.dir"/>
    <property value="" name="sun.cpu.isalist"/>
    <property value="sun.awt.X11GraphicsEnvironment" name="java.awt.graphicsenv"/>
    <property value="/usr/lib/jvm/java-8-oracle/jre/lib/resources.jar:/usr/lib/jvm/java-8-oracle/jre/lib/rt.jar:/usr/lib/jvm/java-8-oracle/jre/lib/sunrsasign.jar:/usr/lib/jvm/java-8-oracle/jre/lib/jsse.jar:/usr/lib/jvm/java-8-oracle/jre/lib/jce.jar:/usr/lib/jvm/java-8-oracle/jre/lib/charsets.jar:/usr/lib/jvm/java-8-oracle/jre/lib/jfr.jar:/usr/lib/jvm/java-8-oracle/jre/classes" name="sun.boot.class.path"/>
    <property value="Java HotSpot(TM) 64-Bit Server VM" name="java.vm.name"/>
    <property value="Oracle Corporation" name="java.vm.specification.vendor"/>
    <property value="UnicodeLittle" name="sun.io.unicode.encoding"/>
    <property value="SUN_STANDARD" name="sun.java.launcher"/>
    <property value="sun.io" name="file.encoding.pkg"/>
    <property value="Java Platform API Specification" name="java.specification.name"/>
    <property value="25.0-b06" name="java.vm.version"/>
    <property value="/usr/lib/jvm/java-8-oracle/jre/lib/amd64" name="sun.boot.library.path"/>
    <property value="UTF-8" name="sun.jnu.encoding"/>
    <property value="51.0" name="java.class.version"/>
    <property value="HotSpot 64-Bit Tiered Compilers" name="sun.management.compiler"/>
    <property value="/usr/share/maven2/boot/classworlds.jar" name="java.class.path"/>
    <property value="Java Virtual Machine Specification" name="java.vm.specification.name"/>
    <property value="mixed mode" name="java.vm.info"/>
    <property value="/usr/share/maven2" name="maven.home"/>
    <property value="/home/matt" name="user.home"/>
    <property value="3.2.0-29-generic" name="os.version"/>
    <property value="/" name="file.separator"/>
    <property value="http://java.oracle.com/" name="java.vendor.url"/>
    <property value="1.8.0-ea-b62" name="java.runtime.version"/>
    <property value="UTF-8" name="file.encoding"/>
    <property value="64" name="sun.arch.data.model"/>
    <property value="org.codehaus.classworlds.Launcher &quot;package&quot;" name="sun.java.command"/>
    <property value="en" name="user.language"/>
    <property value="1.8.0-ea" name="java.version"/>
    <property value="sun.awt.X11.XToolkit" name="awt.toolkit"/>
    <property value="unknown" name="sun.os.patch.level"/>
    <property value="1.8" name="java.specification.version"/>
    <property value="1.8" name="java.vm.specification.version"/>
    <property value="Linux" name="os.name"/>
    <property value="Oracle Corporation" name="java.vm.vendor"/>
    <property value="Oracle Corporation" name="java.vendor"/>
    <property value="
" name="line.separator"/>
    <property value="Oracle Corporation" name="java.specification.vendor"/>
    <property value="http://bugreport.sun.com/bugreport/" name="java.vendor.url.bug"/>
    <property value="gnome" name="sun.desktop"/>
    <property value="/usr/java/packages/lib/amd64:/usr/lib64:/lib64:/lib:/usr/lib" name="java.library.path"/>
    <property value="file:/dev/./urandom" name="securerandom.source"/>
    <property value="little" name="sun.cpu.endian"/>
    <property value="CA" name="user.country"/>
    <property value="/usr/lib/jvm/java-8-oracle/jre/lib/endorsed" name="java.endorsed.dirs"/>
    <property value=":" name="path.separator"/>
    <property value="/usr/lib/jvm/java-8-oracle/jre/lib/ext:/usr/java/packages/lib/ext" name="java.ext.dirs"/>
    <property value="America/Toronto" name="user.timezone"/>
    <property value="amd64" name="os.arch"/>
    <property value="sun.print.PSPrinterJob" name="java.awt.printerjob"/>
    <property value="/usr/share/maven2/bin/m2.conf" name="classworlds.conf"/>
  </properties>
  <testcase classname="com.test.AppTest" name="testApp" time="0.001"/>
</testsuite>