<?xml version="1.0" encoding="UTF-8" ?>
<testsuite errors="0" skipped="0" name="com.test.AppTest" time="0.017" failures="0" tests="1">
  <properties>
    <property value="/usr/lib/jvm/java-8-oracle/jre" name="java.home"/>
    <property value="sun.awt.X11.XToolkit" name="awt.toolkit"/>
    <property value="" name="sun.cpu.isalist"/>
    <property value="/usr/lib/jvm/java-8-oracle/jre/lib/amd64" name="sun.boot.library.path"/>
    <property value="org.codehaus.plexus.classworlds.launcher.Launcher -B clean install eclipse:eclipse" name="sun.java.command"/>
    <property value="/home/matt/workspace/tests/test-core/EMBEDDED" name="maven.home"/>
    <property value="gnome" name="sun.desktop"/>
    <property value="/home/matt/eclipse/configuration/org.eclipse.osgi/bundles/236/1/.cp/jars/plexus-classworlds-2.4.jar" name="java.class.path"/>
    <property value="en" name="user.language"/>
    <property value="UTF-8" name="file.encoding"/>
    <property value="/usr/lib/jvm/java-8-oracle/jre/lib/endorsed" name="java.endorsed.dirs"/>
    <property value="25.0-b06" name="java.vm.version"/>
    <property value="/usr/lib/jvm/java-8-oracle/jre/lib/ext:/usr/java/packages/lib/ext" name="java.ext.dirs"/>
    <property value="true" name="guice.disable.misplaced.annotation.check"/>
    <property value="1.8.0-ea-b62" name="java.runtime.version"/>
    <property value="Java Platform API Specification" name="java.specification.name"/>
    <property value="3.2.0-29-generic" name="os.version"/>
    <property value="file:/dev/./urandom" name="securerandom.source"/>
    <property value="unknown" name="sun.os.patch.level"/>
    <property value="Oracle Corporation" name="java.vm.vendor"/>
    <property value=":" name="path.separator"/>
    <property value="/home/matt/workspace/tests/test-core" name="user.dir"/>
    <property value="1.8" name="java.specification.version"/>
    <property value="sun.awt.X11GraphicsEnvironment" name="java.awt.graphicsenv"/>
    <property value="
" name="line.separator"/>
    <property value="http://java.oracle.com/" name="java.vendor.url"/>
    <property value="/usr/lib/jvm/java-8-oracle/jre/lib/resources.jar:/usr/lib/jvm/java-8-oracle/jre/lib/rt.jar:/usr/lib/jvm/java-8-oracle/jre/lib/sunrsasign.jar:/usr/lib/jvm/java-8-oracle/jre/lib/jsse.jar:/usr/lib/jvm/java-8-oracle/jre/lib/jce.jar:/usr/lib/jvm/java-8-oracle/jre/lib/charsets.jar:/usr/lib/jvm/java-8-oracle/jre/lib/jfr.jar:/usr/lib/jvm/java-8-oracle/jre/classes" name="sun.boot.class.path"/>
    <property value="amd64" name="os.arch"/>
    <property value="64" name="sun.arch.data.model"/>
    <property value="Oracle Corporation" name="java.specification.vendor"/>
    <property value="/" name="file.separator"/>
    <property value="1.8" name="java.vm.specification.version"/>
    <property value="sun.io" name="file.encoding.pkg"/>
    <property value="sun.print.PSPrinterJob" name="java.awt.printerjob"/>
    <property value="America/Toronto" name="user.timezone"/>
    <property value="Java Virtual Machine Specification" name="java.vm.specification.name"/>
    <property value="Linux" name="os.name"/>
    <property value="Oracle Corporation" name="java.vm.specification.vendor"/>
    <property value="UnicodeLittle" name="sun.io.unicode.encoding"/>
    <property value="/usr/java/packages/lib/amd64:/usr/lib64:/lib64:/lib:/usr/lib" name="java.library.path"/>
    <property value="Oracle Corporation" name="java.vendor"/>
    <property value="Java(TM) SE Runtime Environment" name="java.runtime.name"/>
    <property value="Java HotSpot(TM) 64-Bit Server VM" name="java.vm.name"/>
    <property value="51.0" name="java.class.version"/>
    <property value="/tmp" name="java.io.tmpdir"/>
    <property value="1.8.0-ea" name="java.version"/>
    <property value="mixed mode" name="java.vm.info"/>
    <property value="/home/matt/workspace/tests/.metadata/.plugins/org.eclipse.m2e.core/launches/m2conf4055781741193209884.tmp" name="classworlds.conf"/>
    <property value="/home/matt" name="user.home"/>
    <property value="little" name="sun.cpu.endian"/>
    <property value="http://bugreport.sun.com/bugreport/" name="java.vendor.url.bug"/>
    <property value="matt" name="user.name"/>
    <property value="HotSpot 64-Bit Tiered Compilers" name="sun.management.compiler"/>
    <property value="CA" name="user.country"/>
    <property value="SUN_STANDARD" name="sun.java.launcher"/>
    <property value="UTF-8" name="sun.jnu.encoding"/>
  </properties>
  <testcase classname="com.test.AppTest" name="testApp" time="0.001"/>
</testsuite>