<?xml version="1.0" encoding="UTF-8" ?>
<testsuite errors="0" tests="1" skipped="0" failures="0" time="0.018" name="com.test.AppTest">
  <properties>
    <property name="java.class.version" value="51.0"/>
    <property name="user.dir" value="/home/matt/workspace/tests/test-core"/>
    <property name="user.language" value="en"/>
    <property name="path.separator" value=":"/>
    <property name="java.class.path" value="/home/matt/eclipse/configuration/org.eclipse.osgi/bundles/236/1/.cp/jars/plexus-classworlds-2.4.jar"/>
    <property name="guice.disable.misplaced.annotation.check" value="true"/>
    <property name="java.vm.specification.name" value="Java Virtual Machine Specification"/>
    <property name="file.encoding" value="UTF-8"/>
    <property name="java.awt.printerjob" value="sun.print.PSPrinterJob"/>
    <property name="sun.arch.data.model" value="64"/>
    <property name="java.runtime.name" value="Java(TM) SE Runtime Environment"/>
    <property name="java.vendor.url.bug" value="http://bugreport.sun.com/bugreport/"/>
    <property name="sun.boot.library.path" value="/usr/lib/jvm/java-8-oracle/jre/lib/amd64"/>
    <property name="user.country" value="CA"/>
    <property name="awt.toolkit" value="sun.awt.X11.XToolkit"/>
    <property name="java.ext.dirs" value="/usr/lib/jvm/java-8-oracle/jre/lib/ext:/usr/java/packages/lib/ext"/>
    <property name="java.runtime.version" value="1.8.0-ea-b62"/>
    <property name="sun.jnu.encoding" value="UTF-8"/>
    <property name="os.arch" value="amd64"/>
    <property name="java.vm.specification.version" value="1.8"/>
    <property name="sun.management.compiler" value="HotSpot 64-Bit Tiered Compilers"/>
    <property name="java.io.tmpdir" value="/tmp"/>
    <property name="sun.os.patch.level" value="unknown"/>
    <property name="java.version" value="1.8.0-ea"/>
    <property name="sun.desktop" value="gnome"/>
    <property name="line.separator" value="
"/>
    <property name="os.version" value="3.2.0-29-generic"/>
    <property name="sun.java.launcher" value="SUN_STANDARD"/>
    <property name="java.home" value="/usr/lib/jvm/java-8-oracle/jre"/>
    <property name="java.vm.specification.vendor" value="Oracle Corporation"/>
    <property name="java.vendor" value="Oracle Corporation"/>
    <property name="java.library.path" value="/usr/java/packages/lib/amd64:/usr/lib64:/lib64:/lib:/usr/lib"/>
    <property name="sun.cpu.isalist" value=""/>
    <property name="maven.home" value="/home/matt/workspace/tests/test-core/EMBEDDED"/>
    <property name="java.vm.info" value="mixed mode"/>
    <property name="file.separator" value="/"/>
    <property name="sun.boot.class.path" value="/usr/lib/jvm/java-8-oracle/jre/lib/resources.jar:/usr/lib/jvm/java-8-oracle/jre/lib/rt.jar:/usr/lib/jvm/java-8-oracle/jre/lib/sunrsasign.jar:/usr/lib/jvm/java-8-oracle/jre/lib/jsse.jar:/usr/lib/jvm/java-8-oracle/jre/lib/jce.jar:/usr/lib/jvm/java-8-oracle/jre/lib/charsets.jar:/usr/lib/jvm/java-8-oracle/jre/lib/jfr.jar:/usr/lib/jvm/java-8-oracle/jre/classes"/>
    <property name="sun.io.unicode.encoding" value="UnicodeLittle"/>
    <property name="classworlds.conf" value="/home/matt/workspace/tests/.metadata/.plugins/org.eclipse.m2e.core/launches/m2conf502166134429157575.tmp"/>
    <property name="sun.java.command" value="org.codehaus.plexus.classworlds.launcher.Launcher -B clean install eclipse:eclipse"/>
    <property name="sun.cpu.endian" value="little"/>
    <property name="file.encoding.pkg" value="sun.io"/>
    <property name="java.vm.version" value="25.0-b06"/>
    <property name="java.specification.name" value="Java Platform API Specification"/>
    <property name="os.name" value="Linux"/>
    <property name="java.vendor.url" value="http://java.oracle.com/"/>
    <property name="java.vm.vendor" value="Oracle Corporation"/>
    <property name="java.specification.version" value="1.8"/>
    <property name="java.endorsed.dirs" value="/usr/lib/jvm/java-8-oracle/jre/lib/endorsed"/>
    <property name="java.awt.graphicsenv" value="sun.awt.X11GraphicsEnvironment"/>
    <property name="java.specification.vendor" value="Oracle Corporation"/>
    <property name="securerandom.source" value="file:/dev/./urandom"/>
    <property name="user.timezone" value="America/Toronto"/>
    <property name="java.vm.name" value="Java HotSpot(TM) 64-Bit Server VM"/>
    <property name="user.name" value="matt"/>
    <property name="user.home" value="/home/matt"/>
  </properties>
  <testcase classname="com.test.AppTest" time="0.001" name="testApp"/>
</testsuite>